# JRE version: OpenJDK Runtime Environment Temurin-21.0.6+7 (21.0.6+7) (build 21.0.6+7-LTS)
# Java VM: OpenJDK 64-Bit Server VM Temurin-21.0.6+7 (21.0.6+7-LTS, mixed mode, sharing, tiered, compressed oops, compressed class ptrs, parallel gc, windows-amd64)
GC Precious Log:
 CardTable entry size: 512
 CPUs: 4 total, 4 available
 Memory: 8103M
 Large Page Support: Disabled
 NUMA Support: Disabled
 Compressed Oops: Enabled (32-bit)
 Alignments: Space 512K, Generation 512K, Heap 2M
 Heap Min Capacity: 100M
 Heap Initial Capacity: 100M
 Heap Max Capacity: 1G
 Pre-touch: Disabled
 Parallel Workers: 4
Heap:
 PSYoungGen      total 3072K, used 1371K [0x00000000eab00000, 0x00000000eb000000, 0x0000000100000000)
  eden space 2560K, 48% used [0x00000000eab00000,0x00000000eac36ca8,0x00000000ead80000)
  from space 512K, 25% used [0x00000000eaf00000,0x00000000eaf20000,0x00000000eaf80000)
  to   space 512K, 0% used [0x00000000eaf80000,0x00000000eaf80000,0x00000000eb000000)
 ParOldGen       total 680448K, used 680267K [0x00000000c0000000, 0x00000000e9880000, 0x00000000eab00000)
  object space 680448K, 99% used [0x00000000c0000000,0x00000000e9852f08,0x00000000e9880000)
 Metaspace       used 70452K, committed 72000K, reserved 1114112K
  class space    used 7331K, committed 8000K, reserved 1048576K
GC Heap History (20 events):
Event: 258.088 GC heap before
{Heap before GC invocations=1065 (full 3):
 PSYoungGen      total 6656K, used 6431K [0x00000000eab00000, 0x00000000eb280000, 0x0000000100000000)
  eden space 6144K, 99% used [0x00000000eab00000,0x00000000eb0fffd8,0x00000000eb100000)
  from space 512K, 56% used [0x00000000eb180000,0x00000000eb1c8000,0x00000000eb200000)
  to   space 512K, 0% used [0x00000000eb200000,0x00000000eb200000,0x00000000eb280000)
 ParOldGen       total 673280K, used 672838K [0x00000000c0000000, 0x00000000e9180000, 0x00000000eab00000)
  object space 673280K, 99% used [0x00000000c0000000,0x00000000e9111a68,0x00000000e9180000)
 Metaspace       used 69925K, committed 71488K, reserved 1114112K
  class space    used 7289K, committed 7936K, reserved 1048576K
}
Event: 258.097 GC heap after
{Heap after GC invocations=1065 (full 3):
 PSYoungGen      total 3584K, used 510K [0x00000000eab00000, 0x00000000eb900000, 0x0000000100000000)
  eden space 3072K, 0% used [0x00000000eab00000,0x00000000eab00000,0x00000000eae00000)
  from space 512K, 99% used [0x00000000eb200000,0x00000000eb27faf8,0x00000000eb280000)
  to   space 4096K, 0% used [0x00000000eae00000,0x00000000eae00000,0x00000000eb200000)
 ParOldGen       total 675840K, used 675436K [0x00000000c0000000, 0x00000000e9400000, 0x00000000eab00000)
  object space 675840K, 99% used [0x00000000c0000000,0x00000000e939b1f8,0x00000000e9400000)
 Metaspace       used 69925K, committed 71488K, reserved 1114112K
  class space    used 7289K, committed 7936K, reserved 1048576K
}
Event: 259.344 GC heap before
{Heap before GC invocations=1066 (full 3):
 PSYoungGen      total 3584K, used 3560K [0x00000000eab00000, 0x00000000eb900000, 0x0000000100000000)
  eden space 3072K, 99% used [0x00000000eab00000,0x00000000eadfa7a8,0x00000000eae00000)
  from space 512K, 99% used [0x00000000eb200000,0x00000000eb27faf8,0x00000000eb280000)
  to   space 4096K, 0% used [0x00000000eae00000,0x00000000eae00000,0x00000000eb200000)
 ParOldGen       total 675840K, used 675436K [0x00000000c0000000, 0x00000000e9400000, 0x00000000eab00000)
  object space 675840K, 99% used [0x00000000c0000000,0x00000000e939b1f8,0x00000000e9400000)
 Metaspace       used 69968K, committed 71552K, reserved 1114112K
  class space    used 7290K, committed 8000K, reserved 1048576K
}
Event: 259.349 GC heap after
{Heap after GC invocations=1066 (full 3):
 PSYoungGen      total 4096K, used 619K [0x00000000eab00000, 0x00000000eb280000, 0x0000000100000000)
  eden space 3072K, 0% used [0x00000000eab00000,0x00000000eab00000,0x00000000eae00000)
  from space 1024K, 60% used [0x00000000eae00000,0x00000000eae9ae08,0x00000000eaf00000)
  to   space 1536K, 0% used [0x00000000eb100000,0x00000000eb100000,0x00000000eb280000)
 ParOldGen       total 675840K, used 675564K [0x00000000c0000000, 0x00000000e9400000, 0x00000000eab00000)
  object space 675840K, 99% used [0x00000000c0000000,0x00000000e93bb208,0x00000000e9400000)
 Metaspace       used 69968K, committed 71552K, reserved 1114112K
  class space    used 7290K, committed 8000K, reserved 1048576K
}
Event: 259.400 GC heap before
{Heap before GC invocations=1067 (full 3):
 PSYoungGen      total 4096K, used 3405K [0x00000000eab00000, 0x00000000eb280000, 0x0000000100000000)
  eden space 3072K, 90% used [0x00000000eab00000,0x00000000eadb8998,0x00000000eae00000)
  from space 1024K, 60% used [0x00000000eae00000,0x00000000eae9ae08,0x00000000eaf00000)
  to   space 1536K, 0% used [0x00000000eb100000,0x00000000eb100000,0x00000000eb280000)
 ParOldGen       total 675840K, used 675564K [0x00000000c0000000, 0x00000000e9400000, 0x00000000eab00000)
  object space 675840K, 99% used [0x00000000c0000000,0x00000000e93bb208,0x00000000e9400000)
 Metaspace       used 69972K, committed 71552K, reserved 1114112K
  class space    used 7290K, committed 8000K, reserved 1048576K
}
Event: 259.407 GC heap after
{Heap after GC invocations=1067 (full 3):
 PSYoungGen      total 4096K, used 1532K [0x00000000eab00000, 0x00000000eb500000, 0x0000000100000000)
  eden space 2560K, 0% used [0x00000000eab00000,0x00000000eab00000,0x00000000ead80000)
  from space 1536K, 99% used [0x00000000eb100000,0x00000000eb27f118,0x00000000eb280000)
  to   space 3584K, 0% used [0x00000000ead80000,0x00000000ead80000,0x00000000eb100000)
 ParOldGen       total 677376K, used 677098K [0x00000000c0000000, 0x00000000e9580000, 0x00000000eab00000)
  object space 677376K, 99% used [0x00000000c0000000,0x00000000e953ab18,0x00000000e9580000)
 Metaspace       used 69972K, committed 71552K, reserved 1114112K
  class space    used 7290K, committed 8000K, reserved 1048576K
}
Event: 259.501 GC heap before
{Heap before GC invocations=1068 (full 3):
 PSYoungGen      total 4096K, used 4092K [0x00000000eab00000, 0x00000000eb500000, 0x0000000100000000)
  eden space 2560K, 100% used [0x00000000eab00000,0x00000000ead80000,0x00000000ead80000)
  from space 1536K, 99% used [0x00000000eb100000,0x00000000eb27f118,0x00000000eb280000)
  to   space 3584K, 0% used [0x00000000ead80000,0x00000000ead80000,0x00000000eb100000)
 ParOldGen       total 677376K, used 677098K [0x00000000c0000000, 0x00000000e9580000, 0x00000000eab00000)
  object space 677376K, 99% used [0x00000000c0000000,0x00000000e953ab18,0x00000000e9580000)
 Metaspace       used 69989K, committed 71616K, reserved 1114112K
  class space    used 7290K, committed 8000K, reserved 1048576K
}
Event: 259.509 GC heap after
{Heap after GC invocations=1068 (full 3):
 PSYoungGen      total 4608K, used 1845K [0x00000000eab00000, 0x00000000eb280000, 0x0000000100000000)
  eden space 2560K, 0% used [0x00000000eab00000,0x00000000eab00000,0x00000000ead80000)
  from space 2048K, 90% used [0x00000000ead80000,0x00000000eaf4d6f0,0x00000000eaf80000)
  to   space 2560K, 0% used [0x00000000eb000000,0x00000000eb000000,0x00000000eb280000)
 ParOldGen       total 678912K, used 678610K [0x00000000c0000000, 0x00000000e9700000, 0x00000000eab00000)
  object space 678912K, 99% used [0x00000000c0000000,0x00000000e96b4910,0x00000000e9700000)
 Metaspace       used 69989K, committed 71616K, reserved 1114112K
  class space    used 7290K, committed 8000K, reserved 1048576K
}
Event: 259.633 GC heap before
{Heap before GC invocations=1069 (full 3):
 PSYoungGen      total 4608K, used 4405K [0x00000000eab00000, 0x00000000eb280000, 0x0000000100000000)
  eden space 2560K, 100% used [0x00000000eab00000,0x00000000ead80000,0x00000000ead80000)
  from space 2048K, 90% used [0x00000000ead80000,0x00000000eaf4d6f0,0x00000000eaf80000)
  to   space 2560K, 0% used [0x00000000eb000000,0x00000000eb000000,0x00000000eb280000)
 ParOldGen       total 678912K, used 678610K [0x00000000c0000000, 0x00000000e9700000, 0x00000000eab00000)
  object space 678912K, 99% used [0x00000000c0000000,0x00000000e96b4910,0x00000000e9700000)
 Metaspace       used 69995K, committed 71616K, reserved 1114112K
  class space    used 7290K, committed 8000K, reserved 1048576K
}
Event: 259.641 GC heap after
{Heap after GC invocations=1069 (full 3):
 PSYoungGen      total 3584K, used 576K [0x00000000eab00000, 0x00000000eb100000, 0x0000000100000000)
  eden space 2560K, 0% used [0x00000000eab00000,0x00000000eab00000,0x00000000ead80000)
  from space 1024K, 56% used [0x00000000eb000000,0x00000000eb090000,0x00000000eb100000)
  to   space 1536K, 0% used [0x00000000eae00000,0x00000000eae00000,0x00000000eaf80000)
 ParOldGen       total 679424K, used 678986K [0x00000000c0000000, 0x00000000e9780000, 0x00000000eab00000)
  object space 679424K, 99% used [0x00000000c0000000,0x00000000e9712910,0x00000000e9780000)
 Metaspace       used 69995K, committed 71616K, reserved 1114112K
  class space    used 7290K, committed 8000K, reserved 1048576K
}
Event: 259.663 GC heap before
{Heap before GC invocations=1070 (full 3):
 PSYoungGen      total 3584K, used 3135K [0x00000000eab00000, 0x00000000eb100000, 0x0000000100000000)
  eden space 2560K, 99% used [0x00000000eab00000,0x00000000ead7ffe8,0x00000000ead80000)
  from space 1024K, 56% used [0x00000000eb000000,0x00000000eb090000,0x00000000eb100000)
  to   space 1536K, 0% used [0x00000000eae00000,0x00000000eae00000,0x00000000eaf80000)
 ParOldGen       total 679424K, used 678986K [0x00000000c0000000, 0x00000000e9780000, 0x00000000eab00000)
  object space 679424K, 99% used [0x00000000c0000000,0x00000000e9712910,0x00000000e9780000)
 Metaspace       used 70002K, committed 71616K, reserved 1114112K
  class space    used 7290K, committed 8000K, reserved 1048576K
}
Event: 259.667 GC heap after
{Heap after GC invocations=1070 (full 3):
 PSYoungGen      total 4096K, used 640K [0x00000000eab00000, 0x00000000eb080000, 0x0000000100000000)
  eden space 2560K, 0% used [0x00000000eab00000,0x00000000eab00000,0x00000000ead80000)
  from space 1536K, 41% used [0x00000000eae00000,0x00000000eaea0000,0x00000000eaf80000)
  to   space 1024K, 0% used [0x00000000eaf80000,0x00000000eaf80000,0x00000000eb080000)
 ParOldGen       total 679936K, used 679458K [0x00000000c0000000, 0x00000000e9800000, 0x00000000eab00000)
  object space 679936K, 99% used [0x00000000c0000000,0x00000000e9788950,0x00000000e9800000)
 Metaspace       used 70002K, committed 71616K, reserved 1114112K
  class space    used 7290K, committed 8000K, reserved 1048576K
}
Event: 259.698 GC heap before
{Heap before GC invocations=1071 (full 3):
 PSYoungGen      total 4096K, used 3197K [0x00000000eab00000, 0x00000000eb080000, 0x0000000100000000)
  eden space 2560K, 99% used [0x00000000eab00000,0x00000000ead7f468,0x00000000ead80000)
  from space 1536K, 41% used [0x00000000eae00000,0x00000000eaea0000,0x00000000eaf80000)
  to   space 1024K, 0% used [0x00000000eaf80000,0x00000000eaf80000,0x00000000eb080000)
 ParOldGen       total 679936K, used 679458K [0x00000000c0000000, 0x00000000e9800000, 0x00000000eab00000)
  object space 679936K, 99% used [0x00000000c0000000,0x00000000e9788950,0x00000000e9800000)
 Metaspace       used 70004K, committed 71616K, reserved 1114112K
  class space    used 7290K, committed 8000K, reserved 1048576K
}
Event: 259.705 GC heap after
{Heap after GC invocations=1071 (full 3):
 PSYoungGen      total 3072K, used 368K [0x00000000eab00000, 0x00000000eb000000, 0x0000000100000000)
  eden space 2560K, 0% used [0x00000000eab00000,0x00000000eab00000,0x00000000ead80000)
  from space 512K, 71% used [0x00000000eaf80000,0x00000000eafdc010,0x00000000eb000000)
  to   space 512K, 0% used [0x00000000eaf00000,0x00000000eaf00000,0x00000000eaf80000)
 ParOldGen       total 679936K, used 679818K [0x00000000c0000000, 0x00000000e9800000, 0x00000000eab00000)
  object space 679936K, 99% used [0x00000000c0000000,0x00000000e97e2950,0x00000000e9800000)
 Metaspace       used 70004K, committed 71616K, reserved 1114112K
  class space    used 7290K, committed 8000K, reserved 1048576K
}
Event: 259.808 GC heap before
{Heap before GC invocations=1072 (full 3):
 PSYoungGen      total 3072K, used 2920K [0x00000000eab00000, 0x00000000eb000000, 0x0000000100000000)
  eden space 2560K, 99% used [0x00000000eab00000,0x00000000ead7e1e8,0x00000000ead80000)
  from space 512K, 71% used [0x00000000eaf80000,0x00000000eafdc010,0x00000000eb000000)
  to   space 512K, 0% used [0x00000000eaf00000,0x00000000eaf00000,0x00000000eaf80000)
 ParOldGen       total 679936K, used 679818K [0x00000000c0000000, 0x00000000e9800000, 0x00000000eab00000)
  object space 679936K, 99% used [0x00000000c0000000,0x00000000e97e2950,0x00000000e9800000)
 Metaspace       used 70052K, committed 71616K, reserved 1114112K
  class space    used 7296K, committed 8000K, reserved 1048576K
}
Event: 259.814 GC heap after
{Heap after GC invocations=1072 (full 3):
 PSYoungGen      total 3072K, used 256K [0x00000000eab00000, 0x00000000eb000000, 0x0000000100000000)
  eden space 2560K, 0% used [0x00000000eab00000,0x00000000eab00000,0x00000000ead80000)
  from space 512K, 50% used [0x00000000eaf00000,0x00000000eaf40000,0x00000000eaf80000)
  to   space 512K, 0% used [0x00000000eaf80000,0x00000000eaf80000,0x00000000eb000000)
 ParOldGen       total 680448K, used 679994K [0x00000000c0000000, 0x00000000e9880000, 0x00000000eab00000)
  object space 680448K, 99% used [0x00000000c0000000,0x00000000e980e950,0x00000000e9880000)
 Metaspace       used 70052K, committed 71616K, reserved 1114112K
  class space    used 7296K, committed 8000K, reserved 1048576K
}
Event: 259.904 GC heap before
{Heap before GC invocations=1073 (full 3):
 PSYoungGen      total 3072K, used 2816K [0x00000000eab00000, 0x00000000eb000000, 0x0000000100000000)
  eden space 2560K, 100% used [0x00000000eab00000,0x00000000ead80000,0x00000000ead80000)
  from space 512K, 50% used [0x00000000eaf00000,0x00000000eaf40000,0x00000000eaf80000)
  to   space 512K, 0% used [0x00000000eaf80000,0x00000000eaf80000,0x00000000eb000000)
 ParOldGen       total 680448K, used 679994K [0x00000000c0000000, 0x00000000e9880000, 0x00000000eab00000)
  object space 680448K, 99% used [0x00000000c0000000,0x00000000e980e950,0x00000000e9880000)
 Metaspace       used 70251K, committed 71808K, reserved 1114112K
  class space    used 7311K, committed 8000K, reserved 1048576K
}
Event: 259.909 GC heap after
{Heap after GC invocations=1073 (full 3):
 PSYoungGen      total 3072K, used 293K [0x00000000eab00000, 0x00000000eb000000, 0x0000000100000000)
  eden space 2560K, 0% used [0x00000000eab00000,0x00000000eab00000,0x00000000ead80000)
  from space 512K, 57% used [0x00000000eaf80000,0x00000000eafc9420,0x00000000eb000000)
  to   space 512K, 0% used [0x00000000eaf00000,0x00000000eaf00000,0x00000000eaf80000)
 ParOldGen       total 680448K, used 680098K [0x00000000c0000000, 0x00000000e9880000, 0x00000000eab00000)
  object space 680448K, 99% used [0x00000000c0000000,0x00000000e9828950,0x00000000e9880000)
 Metaspace       used 70251K, committed 71808K, reserved 1114112K
  class space    used 7311K, committed 8000K, reserved 1048576K
}
Event: 260.038 GC heap before
{Heap before GC invocations=1074 (full 3):
 PSYoungGen      total 3072K, used 2853K [0x00000000eab00000, 0x00000000eb000000, 0x0000000100000000)
  eden space 2560K, 100% used [0x00000000eab00000,0x00000000ead80000,0x00000000ead80000)
  from space 512K, 57% used [0x00000000eaf80000,0x00000000eafc9420,0x00000000eb000000)
  to   space 512K, 0% used [0x00000000eaf00000,0x00000000eaf00000,0x00000000eaf80000)
 ParOldGen       total 680448K, used 680098K [0x00000000c0000000, 0x00000000e9880000, 0x00000000eab00000)
  object space 680448K, 99% used [0x00000000c0000000,0x00000000e9828950,0x00000000e9880000)
 Metaspace       used 70440K, committed 72000K, reserved 1114112K
  class space    used 7331K, committed 8000K, reserved 1048576K
}
Event: 260.041 GC heap after
{Heap after GC invocations=1074 (full 3):
 PSYoungGen      total 3072K, used 128K [0x00000000eab00000, 0x00000000eb000000, 0x0000000100000000)
  eden space 2560K, 0% used [0x00000000eab00000,0x00000000eab00000,0x00000000ead80000)
  from space 512K, 25% used [0x00000000eaf00000,0x00000000eaf20000,0x00000000eaf80000)
  to   space 512K, 0% used [0x00000000eaf80000,0x00000000eaf80000,0x00000000eb000000)
 ParOldGen       total 680448K, used 680267K [0x00000000c0000000, 0x00000000e9880000, 0x00000000eab00000)
  object space 680448K, 99% used [0x00000000c0000000,0x00000000e9852f08,0x00000000e9880000)
 Metaspace       used 70440K, committed 72000K, reserved 1114112K
  class space    used 7331K, committed 8000K, reserved 1048576K
}

